<?xml version="1.0" encoding="UTF-8"?>
<!-- Generated by org.testng.reporters.JUnitXMLReporter -->
<testsuite ignored="6" hostname="LTIN488948" failures="0" tests="4" name="chrometest" time="86.166" errors="0" timestamp="2024-02-28T12:30:31 IST">
  <testcase classname="testing.TC001_Doctor_Details" name="Get_Doctor_Details" time="40.576"/>
  <testcase classname="testing.TC002_Surgeries" name="get_Surgeries_List" time="1.692"/>
  <testcase classname="testing.TC003_Set_Wrong_Details" name="set_Wrong_Details" time="18.041"/>
  <testcase classname="testing.TC004_Set_Correct_Details" name="set_Correct_Details" time="16.517"/>
  <testcase classname="testing.BaseClass" name="@BeforeTest Intiate_WebDriver" time="0.0">
    <ignored/>
  </testcase> <!-- @BeforeTest Intiate_WebDriver -->
  <testcase classname="testing.BaseClass" name="@AfterTest Close_Driver" time="0.0">
    <ignored/>
  </testcase> <!-- @AfterTest Close_Driver -->
  <testcase classname="testing.BaseClass" name="@BeforeTest Intiate_WebDriver" time="0.0">
    <ignored/>
  </testcase> <!-- @BeforeTest Intiate_WebDriver -->
  <testcase classname="testing.BaseClass" name="@AfterTest Close_Driver" time="0.0">
    <ignored/>
  </testcase> <!-- @AfterTest Close_Driver -->
  <testcase classname="testing.BaseClass" name="@AfterTest Close_Driver" time="0.0">
    <ignored/>
  </testcase> <!-- @AfterTest Close_Driver -->
  <testcase classname="testing.BaseClass" name="@BeforeTest Intiate_WebDriver" time="0.0">
    <ignored/>
  </testcase> <!-- @BeforeTest Intiate_WebDriver -->
</testsuite> <!-- chrometest -->
