<?xml version="1.0" encoding="UTF-8"?>
<testng-results ignored="0" total="4" passed="3" failed="1" skipped="0">
  <reporter-output>
  </reporter-output>
  <suite started-at="2024-03-04T15:36:09 IST" name="Suite" finished-at="2024-03-04T15:40:37 IST" duration-ms="268041">
    <groups>
      <group name="sanity">
        <method signature="TC001_Doctor_Details.Get_Doctor_Details()[pri:0, instance:testing.TC001_Doctor_Details@3c19aaa5]" name="Get_Doctor_Details" class="testing.TC001_Doctor_Details"/>
        <method signature="TC002_Surgeries.get_Surgeries_List()[pri:0, instance:testing.TC002_Surgeries@689604d9]" name="get_Surgeries_List" class="testing.TC002_Surgeries"/>
        <method signature="TC003_Set_Wrong_Details.set_Wrong_Details()[pri:0, instance:testing.TC003_Set_Wrong_Details@18078bef]" name="set_Wrong_Details" class="testing.TC003_Set_Wrong_Details"/>
        <method signature="TC004_Set_Correct_Details.set_Correct_Details()[pri:0, instance:testing.TC004_Set_Correct_Details@799f10e1]" name="set_Correct_Details" class="testing.TC004_Set_Correct_Details"/>
      </group> <!-- sanity -->
    </groups>
    <test started-at="2024-03-04T15:36:09 IST" name="Test" finished-at="2024-03-04T15:40:37 IST" duration-ms="268041">
      <class name="testing.TC003_Set_Wrong_Details">
        <test-method signature="set_Wrong_Details()[pri:0, instance:testing.TC003_Set_Wrong_Details@18078bef]" started-at="2024-03-04T15:39:25 IST" name="set_Wrong_Details" finished-at="2024-03-04T15:40:09 IST" duration-ms="44282" status="PASS">
          <reporter-output>
          </reporter-output>
        </test-method> <!-- set_Wrong_Details -->
      </class> <!-- testing.TC003_Set_Wrong_Details -->
      <class name="testing.TC004_Set_Correct_Details">
        <test-method signature="set_Correct_Details()[pri:0, instance:testing.TC004_Set_Correct_Details@799f10e1]" started-at="2024-03-04T15:40:09 IST" name="set_Correct_Details" finished-at="2024-03-04T15:40:36 IST" duration-ms="26592" status="FAIL">
          <exception class="org.openqa.selenium.NoSuchElementException">
            <message>
              <![CDATA[no such element: Unable to locate element: {"method":"xpath","selector":"(//div[@class="text-center"]/div)[1]"}
  (Session info: chrome=120.0.6099.130)
For documentation on this error, please visit: https://www.selenium.dev/documentation/webdriver/troubleshooting/errors#no-such-element-exception
Build info: version: '4.16.1', revision: '9b4c83354e'
System info: os.name: 'Windows 11', os.arch: 'amd64', os.version: '10.0', java.version: '17.0.2'
Driver info: org.openqa.selenium.chrome.ChromeDriver
Command: [154b219dd8253ee18e28f1b21e956344, findElement {using=xpath, value=(//div[@class="text-center"]/div)[1]}]
Capabilities {acceptInsecureCerts: false, browserName: chrome, browserVersion: 120.0.6099.130, chrome: {chromedriverVersion: 120.0.6099.109 (3419140ab66..., userDataDir: C:\WINDOWS\SystemTemp\scope...}, fedcm:accounts: true, goog:chromeOptions: {debuggerAddress: localhost:57612}, networkConnectionEnabled: false, pageLoadStrategy: normal, platformName: windows, proxy: Proxy(), se:cdp: ws://localhost:57612/devtoo..., se:cdpVersion: 120.0.6099.130, setWindowRect: true, strictFileInteractability: false, timeouts: {implicit: 0, pageLoad: 300000, script: 30000}, unhandledPromptBehavior: dismiss and notify, webauthn:extension:credBlob: true, webauthn:extension:largeBlob: true, webauthn:extension:minPinLength: true, webauthn:extension:prf: true, webauthn:virtualAuthenticators: true}
Session ID: 154b219dd8253ee18e28f1b21e956344]]>
            </message>
            <full-stacktrace>
              <![CDATA[org.openqa.selenium.NoSuchElementException: no such element: Unable to locate element: {"method":"xpath","selector":"(//div[@class="text-center"]/div)[1]"}
  (Session info: chrome=120.0.6099.130)
For documentation on this error, please visit: https://www.selenium.dev/documentation/webdriver/troubleshooting/errors#no-such-element-exception
Build info: version: '4.16.1', revision: '9b4c83354e'
System info: os.name: 'Windows 11', os.arch: 'amd64', os.version: '10.0', java.version: '17.0.2'
Driver info: org.openqa.selenium.chrome.ChromeDriver
Command: [154b219dd8253ee18e28f1b21e956344, findElement {using=xpath, value=(//div[@class="text-center"]/div)[1]}]
Capabilities {acceptInsecureCerts: false, browserName: chrome, browserVersion: 120.0.6099.130, chrome: {chromedriverVersion: 120.0.6099.109 (3419140ab66..., userDataDir: C:\WINDOWS\SystemTemp\scope...}, fedcm:accounts: true, goog:chromeOptions: {debuggerAddress: localhost:57612}, networkConnectionEnabled: false, pageLoadStrategy: normal, platformName: windows, proxy: Proxy(), se:cdp: ws://localhost:57612/devtoo..., se:cdpVersion: 120.0.6099.130, setWindowRect: true, strictFileInteractability: false, timeouts: {implicit: 0, pageLoad: 300000, script: 30000}, unhandledPromptBehavior: dismiss and notify, webauthn:extension:credBlob: true, webauthn:extension:largeBlob: true, webauthn:extension:minPinLength: true, webauthn:extension:prf: true, webauthn:virtualAuthenticators: true}
Session ID: 154b219dd8253ee18e28f1b21e956344
at java.base/jdk.internal.reflect.NativeConstructorAccessorImpl.newInstance0(Native Method)
at java.base/jdk.internal.reflect.NativeConstructorAccessorImpl.newInstance(NativeConstructorAccessorImpl.java:77)
at java.base/jdk.internal.reflect.DelegatingConstructorAccessorImpl.newInstance(DelegatingConstructorAccessorImpl.java:45)
at java.base/java.lang.reflect.Constructor.newInstanceWithCaller(Constructor.java:499)
at java.base/java.lang.reflect.Constructor.newInstance(Constructor.java:480)
at org.openqa.selenium.remote.codec.w3c.W3CHttpResponseCodec.createException(W3CHttpResponseCodec.java:200)
at org.openqa.selenium.remote.codec.w3c.W3CHttpResponseCodec.decode(W3CHttpResponseCodec.java:133)
at org.openqa.selenium.remote.codec.w3c.W3CHttpResponseCodec.decode(W3CHttpResponseCodec.java:52)
at org.openqa.selenium.remote.HttpCommandExecutor.execute(HttpCommandExecutor.java:191)
at org.openqa.selenium.remote.service.DriverCommandExecutor.invokeExecute(DriverCommandExecutor.java:200)
at org.openqa.selenium.remote.service.DriverCommandExecutor.execute(DriverCommandExecutor.java:175)
at org.openqa.selenium.remote.RemoteWebDriver.execute(RemoteWebDriver.java:523)
at org.openqa.selenium.remote.ElementLocation$ElementFinder$2.findElement(ElementLocation.java:165)
at org.openqa.selenium.remote.ElementLocation.findElement(ElementLocation.java:59)
at org.openqa.selenium.remote.RemoteWebDriver.findElement(RemoteWebDriver.java:360)
at org.openqa.selenium.remote.RemoteWebDriver.findElement(RemoteWebDriver.java:354)
at org.openqa.selenium.support.pagefactory.DefaultElementLocator.findElement(DefaultElementLocator.java:68)
at org.openqa.selenium.support.pagefactory.internal.LocatingElementHandler.invoke(LocatingElementHandler.java:38)
at jdk.proxy2/jdk.proxy2.$Proxy27.getText(Unknown Source)
at pageObject.Workplace_Health.get_ThankYou_Message(Workplace_Health.java:84)
at testing.TC004_Set_Correct_Details.set_Correct_Details(TC004_Set_Correct_Details.java:19)
at java.base/jdk.internal.reflect.NativeMethodAccessorImpl.invoke0(Native Method)
at java.base/jdk.internal.reflect.NativeMethodAccessorImpl.invoke(NativeMethodAccessorImpl.java:77)
at java.base/jdk.internal.reflect.DelegatingMethodAccessorImpl.invoke(DelegatingMethodAccessorImpl.java:43)
at java.base/java.lang.reflect.Method.invoke(Method.java:568)
at org.testng.internal.invokers.MethodInvocationHelper.invokeMethod(MethodInvocationHelper.java:139)
at org.testng.internal.invokers.TestInvoker.invokeMethod(TestInvoker.java:664)
at org.testng.internal.invokers.TestInvoker.invokeTestMethod(TestInvoker.java:228)
at org.testng.internal.invokers.MethodRunner.runInSequence(MethodRunner.java:63)
at org.testng.internal.invokers.TestInvoker$MethodInvocationAgent.invoke(TestInvoker.java:961)
at org.testng.internal.invokers.TestInvoker.invokeTestMethods(TestInvoker.java:201)
at org.testng.internal.invokers.TestMethodWorker.invokeTestMethods(TestMethodWorker.java:148)
at org.testng.internal.invokers.TestMethodWorker.run(TestMethodWorker.java:128)
at java.base/java.util.ArrayList.forEach(ArrayList.java:1511)
at org.testng.TestRunner.privateRun(TestRunner.java:819)
at org.testng.TestRunner.run(TestRunner.java:619)
at org.testng.SuiteRunner.runTest(SuiteRunner.java:443)
at org.testng.SuiteRunner.runSequentially(SuiteRunner.java:437)
at org.testng.SuiteRunner.privateRun(SuiteRunner.java:397)
at org.testng.SuiteRunner.run(SuiteRunner.java:336)
at org.testng.SuiteRunnerWorker.runSuite(SuiteRunnerWorker.java:52)
at org.testng.SuiteRunnerWorker.run(SuiteRunnerWorker.java:95)
at org.testng.TestNG.runSuitesSequentially(TestNG.java:1301)
at org.testng.TestNG.runSuitesLocally(TestNG.java:1228)
at org.testng.TestNG.runSuites(TestNG.java:1134)
at org.testng.TestNG.run(TestNG.java:1101)
at org.apache.maven.surefire.testng.TestNGExecutor.run(TestNGExecutor.java:308)
at org.apache.maven.surefire.testng.TestNGXmlTestSuite.execute(TestNGXmlTestSuite.java:71)
at org.apache.maven.surefire.testng.TestNGProvider.invoke(TestNGProvider.java:113)
at org.apache.maven.surefire.booter.ForkedBooter.runSuitesInProcess(ForkedBooter.java:385)
at org.apache.maven.surefire.booter.ForkedBooter.execute(ForkedBooter.java:162)
at org.apache.maven.surefire.booter.ForkedBooter.run(ForkedBooter.java:507)
at org.apache.maven.surefire.booter.ForkedBooter.main(ForkedBooter.java:495)
]]>
            </full-stacktrace>
          </exception> <!-- org.openqa.selenium.NoSuchElementException -->
          <reporter-output>
          </reporter-output>
        </test-method> <!-- set_Correct_Details -->
      </class> <!-- testing.TC004_Set_Correct_Details -->
      <class name="testing.TC002_Surgeries">
        <test-method signature="get_Surgeries_List()[pri:0, instance:testing.TC002_Surgeries@689604d9]" started-at="2024-03-04T15:38:53 IST" name="get_Surgeries_List" finished-at="2024-03-04T15:39:25 IST" duration-ms="31479" status="PASS">
          <reporter-output>
          </reporter-output>
        </test-method> <!-- get_Surgeries_List -->
      </class> <!-- testing.TC002_Surgeries -->
      <class name="testing.TC001_Doctor_Details">
        <test-method is-config="true" signature="Intiate_WebDriver(java.lang.String,java.lang.String)[pri:0, instance:testing.TC001_Doctor_Details@3c19aaa5]" started-at="2024-03-04T15:36:09 IST" name="Intiate_WebDriver" finished-at="2024-03-04T15:36:44 IST" duration-ms="34522" status="PASS">
          <params>
            <param index="0">
              <value>
                <![CDATA[Windows]]>
              </value>
            </param>
            <param index="1">
              <value>
                <![CDATA[chrome]]>
              </value>
            </param>
          </params>
          <reporter-output>
          </reporter-output>
        </test-method> <!-- Intiate_WebDriver -->
        <test-method signature="Get_Doctor_Details()[pri:0, instance:testing.TC001_Doctor_Details@3c19aaa5]" started-at="2024-03-04T15:36:44 IST" name="Get_Doctor_Details" finished-at="2024-03-04T15:38:53 IST" duration-ms="129181" status="PASS">
          <reporter-output>
          </reporter-output>
        </test-method> <!-- Get_Doctor_Details -->
        <test-method is-config="true" signature="Close_Driver()[pri:0, instance:testing.TC001_Doctor_Details@3c19aaa5]" started-at="2024-03-04T15:40:36 IST" name="Close_Driver" finished-at="2024-03-04T15:40:37 IST" duration-ms="1095" status="PASS">
          <reporter-output>
          </reporter-output>
        </test-method> <!-- Close_Driver -->
      </class> <!-- testing.TC001_Doctor_Details -->
    </test> <!-- Test -->
  </suite> <!-- Suite -->
</testng-results>
