<?xml version="1.0" encoding="UTF-8"?>
<testng-results ignored="0" total="4" passed="4" failed="0" skipped="0">
  <reporter-output>
  </reporter-output>
  <suite started-at="2024-03-02T00:33:33 IST" name="Suite" finished-at="2024-03-02T00:34:44 IST" duration-ms="70535">
    <groups>
      <group name="sanity">
        <method signature="TC001_Doctor_Details.Get_Doctor_Details()[pri:0, instance:testing.TC001_Doctor_Details@38afe297]" name="Get_Doctor_Details" class="testing.TC001_Doctor_Details"/>
        <method signature="TC002_Surgeries.get_Surgeries_List()[pri:0, instance:testing.TC002_Surgeries@69453e37]" name="get_Surgeries_List" class="testing.TC002_Surgeries"/>
        <method signature="TC003_Set_Wrong_Details.set_Wrong_Details()[pri:0, instance:testing.TC003_Set_Wrong_Details@6f4a47c7]" name="set_Wrong_Details" class="testing.TC003_Set_Wrong_Details"/>
        <method signature="TC004_Set_Correct_Details.set_Correct_Details()[pri:0, instance:testing.TC004_Set_Correct_Details@ae13544]" name="set_Correct_Details" class="testing.TC004_Set_Correct_Details"/>
      </group> <!-- sanity -->
    </groups>
    <test started-at="2024-03-02T00:33:33 IST" name="Test" finished-at="2024-03-02T00:34:44 IST" duration-ms="70535">
      <class name="testing.TC003_Set_Wrong_Details">
        <test-method signature="set_Wrong_Details()[pri:0, instance:testing.TC003_Set_Wrong_Details@6f4a47c7]" started-at="2024-03-02T00:34:09 IST" name="set_Wrong_Details" finished-at="2024-03-02T00:34:26 IST" duration-ms="16867" status="PASS">
          <reporter-output>
          </reporter-output>
        </test-method> <!-- set_Wrong_Details -->
      </class> <!-- testing.TC003_Set_Wrong_Details -->
      <class name="testing.TC004_Set_Correct_Details">
        <test-method signature="set_Correct_Details()[pri:0, instance:testing.TC004_Set_Correct_Details@ae13544]" started-at="2024-03-02T00:34:26 IST" name="set_Correct_Details" finished-at="2024-03-02T00:34:42 IST" duration-ms="16728" status="PASS">
          <reporter-output>
          </reporter-output>
        </test-method> <!-- set_Correct_Details -->
      </class> <!-- testing.TC004_Set_Correct_Details -->
      <class name="testing.TC002_Surgeries">
        <test-method signature="get_Surgeries_List()[pri:0, instance:testing.TC002_Surgeries@69453e37]" started-at="2024-03-02T00:34:06 IST" name="get_Surgeries_List" finished-at="2024-03-02T00:34:09 IST" duration-ms="2060" status="PASS">
          <reporter-output>
          </reporter-output>
        </test-method> <!-- get_Surgeries_List -->
      </class> <!-- testing.TC002_Surgeries -->
      <class name="testing.TC001_Doctor_Details">
        <test-method is-config="true" signature="Intiate_WebDriver(java.lang.String,java.lang.String)[pri:0, instance:testing.TC001_Doctor_Details@38afe297]" started-at="2024-03-02T00:33:34 IST" name="Intiate_WebDriver" finished-at="2024-03-02T00:33:42 IST" duration-ms="8353" status="PASS">
          <params>
            <param index="0">
              <value>
                <![CDATA[Windows]]>
              </value>
            </param>
            <param index="1">
              <value>
                <![CDATA[chrome]]>
              </value>
            </param>
          </params>
          <reporter-output>
          </reporter-output>
        </test-method> <!-- Intiate_WebDriver -->
        <test-method signature="Get_Doctor_Details()[pri:0, instance:testing.TC001_Doctor_Details@38afe297]" started-at="2024-03-02T00:33:42 IST" name="Get_Doctor_Details" finished-at="2024-03-02T00:34:06 IST" duration-ms="24351" status="PASS">
          <reporter-output>
          </reporter-output>
        </test-method> <!-- Get_Doctor_Details -->
        <test-method is-config="true" signature="Close_Driver()[pri:0, instance:testing.TC001_Doctor_Details@38afe297]" started-at="2024-03-02T00:34:43 IST" name="Close_Driver" finished-at="2024-03-02T00:34:44 IST" duration-ms="1136" status="PASS">
          <reporter-output>
          </reporter-output>
        </test-method> <!-- Close_Driver -->
      </class> <!-- testing.TC001_Doctor_Details -->
    </test> <!-- Test -->
  </suite> <!-- Suite -->
</testng-results>
